<?xml version="1.0" encoding="UTF-8"?>
<!-- Generated by org.testng.reporters.JUnitReportReporter -->
<testsuite skipped="0" hostname="B-G1QSLVDL-0336.local" name="com.test.CityTest" tests="2" failures="0" timestamp="28 二月 2023 08:42:06 GMT" time="2.969" errors="0">
  <testcase name="case_bj" time="2.450" classname="com.test.CityTest"/>
  <testcase name="case_hz" time="0.519" classname="com.test.CityTest"/>
</testsuite> <!-- com.test.CityTest -->
